Diagnose log at 2023-04-25T09:28:46Z

AppPath: C:\Program Files\Git\mingw64\bin\git-credential-manager.exe
InstallDir: C:\Program Files\Git\mingw64\bin\
Version: 2.0.886+ea93cb5158

------------
Diagnostic: Environment
Skipped: False
Success: True
Exception: None
Log:
OSType: Windows
OSVersion: 10.0 (build 22621)
Reading environment variables... OK
 Variables:
HOMEPATH=\Users\Asus
DriverData=C:\Windows\System32\Drivers\DriverData
COMPUTERNAME=AKAI
CommonProgramFiles(x86)=C:\Program Files (x86)\Common Files
OneDrive=C:\Users\Asus\OneDrive
GTK_BASEPATH=C:\Program Files (x86)\GtkSharp\2.12\
TMP=C:\Users\Asus\AppData\Local\Temp
PROCESSOR_REVISION=9e0a
INTEL_DEV_REDIST=C:\Program Files (x86)\Common Files\Intel\Shared Libraries\
GIT_EXEC_PATH=C:/Program Files/Git/mingw64/libexec/git-core
TEMP=C:\Users\Asus\AppData\Local\Temp
LOCALAPPDATA=C:\Users\Asus\AppData\Local
MSYSTEM=MINGW64
TERM=xterm-256color
PROCESSOR_IDENTIFIER=Intel64 Family 6 Model 158 Stepping 10, GenuineIntel
COLORTERM=truecolor
USERDOMAIN=AKAI
ProgramFiles(x86)=C:\Program Files (x86)
Path=C:/Program Files/Git/mingw64/libexec/git-core;C:\Program Files\Git\mingw64\bin;C:\Program Files\Git\usr\bin;C:\Users\Asus\bin;C:\Program Files (x86)\Common Files\Intel\Shared Libraries\redist\intel64\compiler;C:\Windows\system32;C:\Windows;C:\Windows\System32\Wbem;C:\Windows\System32\WindowsPowerShell\v1.0\;C:\Windows\System32\OpenSSH\;C:\Program Files (x86)\NVIDIA Corporation\PhysX\Common;C:\Program Files\NVIDIA Corporation\NVIDIA NvDLISR;C:\WINDOWS\system32;C:\WINDOWS;C:\WINDOWS\System32\Wbem;C:\WINDOWS\System32\WindowsPowerShell\v1.0\;C:\WINDOWS\System32\OpenSSH\;C:\xampp\php;C:\ProgramData\ComposerSetup\bin;C:\Program Files (x86)\GtkSharp\2.12\bin;C:\Program Files\Microsoft SQL Server\120\Tools\Binn\;C:\Users\Asus\AppData\Local\Programs\Python\Python311;C:\Users\Asus\AppData\Local\Programs\Python\Python311\Scripts;C:\Program Files\Git\cmd;C:\Users\Asus\Desktop\aptos\aptos-cli-1.0.4-Windows-x86_64;C:\Program Files (x86)\GitExtensions\;C:\Users\Asus\AppData\Roaming\nvm;C:\Program Files\nodejs;C:\Users\Asus\AppData\Local\Microsoft\WindowsApps;C:\Users\Asus\AppData\Roaming\npm;C:\Users\Asus\AppData\Local\Programs\Microsoft VS Code\bin;C:\Users\Asus\AppData\Roaming\Composer\vendor\bin;C:\Users\Asus\AppData\Roaming\nvm;C:\Program Files\nodejs;C:\Users\Asus\AppData\Local\GitHubDesktop\bin
PROCESSOR_LEVEL=6
NUMBER_OF_PROCESSORS=12
TMPDIR=C:\Users\Asus\AppData\Local\Temp
APPDATA=C:\Users\Asus\AppData\Roaming
PSModulePath=C:\Users\Asus\Documents\WindowsPowerShell\Modules;C:\Program Files\WindowsPowerShell\Modules;C:\WINDOWS\system32\WindowsPowerShell\v1.0\Modules
PUBLIC=C:\Users\Public
CommonProgramFiles=C:\Program Files (x86)\Common Files
python3=C:\Users\Asus\AppData\Local\Programs\Python\Python310\Scripts
PLINK_PROTOCOL=ssh
ProgramData=C:\ProgramData
ProgramW6432=C:\Program Files
ProgramFiles=C:\Program Files (x86)
PATHEXT=.COM;.EXE;.BAT;.CMD;.VBS;.VBE;.JS;.JSE;.WSF;.WSH;.MSC;.CPL
NVM_SYMLINK=C:\Program Files\nodejs
NVM_HOME=C:\Users\Asus\AppData\Roaming\nvm
HOME=C:\Users\Asus
LC_CTYPE=C.UTF-8
CommonProgramW6432=C:\Program Files\Common Files
ZES_ENABLE_SYSMAN=1
LOGONSERVER=\\AKAI
USERPROFILE=C:\Users\Asus
SystemRoot=C:\WINDOWS
USERDOMAIN_ROAMINGPROFILE=AKAI
PROCESSOR_ARCHITEW6432=AMD64
HOMEDRIVE=C:
USERNAME=Asus
MIC_LD_LIBRARY_PATH=C:\Program Files (x86)\Common Files\Intel\Shared Libraries\compiler\lib\mic
PROCESSOR_ARCHITECTURE=x86
OS=Windows_NT
ComSpec=C:\WINDOWS\system32\cmd.exe
SystemDrive=C:
windir=C:\WINDOWS
OneDriveConsumer=C:\Users\Asus\OneDrive
ALLUSERSPROFILE=C:\ProgramData


------------
Diagnostic: File system
Skipped: False
Success: True
Exception: None
Log:
Temporary directory is 'C:\Users\Asus\AppData\Local\Temp\'...
Checking basic file I/O...
Writing to temporary file 'C:\Users\Asus\AppData\Local\Temp\584e42519c0036aafc8f3d00'... OK
Reading from temporary file 'C:\Users\Asus\AppData\Local\Temp\584e42519c0036aafc8f3d00'... OK
Deleting temporary file 'C:\Users\Asus\AppData\Local\Temp\584e42519c0036aafc8f3d00'... OK
Testing IFileSystem instance...
UserHomePath: C:\Users\Asus
UserDataDirectoryPath: C:\Users\Asus\.gcm
GetCurrentDirectory(): C:\Users\Asus\Downloads\Z-Network\audit\Project-Zi

------------
Diagnostic: Networking
Skipped: False
Success: True
Exception: None
Log:
Checking networking and HTTP stack...
Creating HTTP client... OK
IsNetworkAvailable: True
Sending HEAD request to http://example.com... OK
Sending HEAD request to https://example.com... OK
Acquiring free TCP port... OK
Testing local HTTP loopback connections...
Creating new HTTP listener for http://localhost:52419/... OK
Waiting for loopback connection... OK
Writing response... OK
Waiting for response data... OK
Loopback connection data OK

------------
Diagnostic: Git
Skipped: False
Success: True
Exception: None
Log:
Getting Git version... OK
Git version is '2.39.1.windows.1'
Locating current repository... OK
Git repository at 'C:/Users/Asus/Downloads/Z-Network/audit/Project-Zi/.git'
Listing all Git configuration... OK
Git configuration:
file:C:/Program Files/Git/etc/gitconfig	diff.astextplain.textconv=astextplain
file:C:/Program Files/Git/etc/gitconfig	filter.lfs.clean=git-lfs clean -- %f
file:C:/Program Files/Git/etc/gitconfig	filter.lfs.smudge=git-lfs smudge -- %f
file:C:/Program Files/Git/etc/gitconfig	filter.lfs.process=git-lfs filter-process
file:C:/Program Files/Git/etc/gitconfig	filter.lfs.required=true
file:C:/Program Files/Git/etc/gitconfig	http.sslbackend=openssl
file:C:/Program Files/Git/etc/gitconfig	http.sslcainfo=C:/Program Files/Git/mingw64/ssl/certs/ca-bundle.crt
file:C:/Program Files/Git/etc/gitconfig	core.autocrlf=true
file:C:/Program Files/Git/etc/gitconfig	core.fscache=true
file:C:/Program Files/Git/etc/gitconfig	core.symlinks=false
file:C:/Program Files/Git/etc/gitconfig	pull.rebase=false
file:C:/Program Files/Git/etc/gitconfig	credential.helper=manager
file:C:/Program Files/Git/etc/gitconfig	credential.https://dev.azure.com.usehttppath=true
file:C:/Program Files/Git/etc/gitconfig	init.defaultbranch=master
file:C:/Users/Asus/.gitconfig	user.email=131520897+RapidSiteBuilders@users.noreply.github.com
file:C:/Users/Asus/.gitconfig	user.name=RapidSiteBuilders
file:C:/Users/Asus/.gitconfig	filter.lfs.clean=git-lfs clean -- %f
file:C:/Users/Asus/.gitconfig	filter.lfs.smudge=git-lfs smudge -- %f
file:C:/Users/Asus/.gitconfig	filter.lfs.process=git-lfs filter-process
file:C:/Users/Asus/.gitconfig	filter.lfs.required=true
file:C:/Users/Asus/.gitconfig	credential.helper=manager-core
file:.git/config	core.repositoryformatversion=0
file:.git/config	core.filemode=false
file:.git/config	core.bare=false
file:.git/config	core.logallrefupdates=true
file:.git/config	core.symlinks=false
file:.git/config	core.ignorecase=true
file:.git/config	remote.origin.url=https://github.com/Zi-Network/Project-Zi.git
file:.git/config	remote.origin.fetch=+refs/heads/*:refs/remotes/origin/*
file:.git/config	user.name=Zi-Network
file:.git/config	user.email=contact@zi-network.org


------------
Diagnostic: Credential storage
Skipped: False
Success: True
Exception: None
Log:
ICredentialStore instance is of type: CredentialStore
Writing test credential... OK
Reading test credential... OK
Deleting test credential... OK

------------
Diagnostic: Microsoft authentication (AAD/MSA)
Skipped: False
Success: True
Exception: None
Log:
Broker not supported.
Flow type is: Auto
Gathering MSAL token cache data... OK
CacheDirectory: C:\Users\Asus\AppData\Local\.IdentityService
CacheFileName: msal.cache
CacheFilePath: C:\Users\Asus\AppData\Local\.IdentityService\msal.cache
Creating cache helper... OK
Verifying MSAL token cache persistence... OK

------------
Diagnostic: GitHub API
Skipped: False
Success: True
Exception: None
Log:
Using 'https://github.com/' as API target.
Querying '/meta' endpoint... OK

